2026-02-20 17:56:52 Loaded main app package /usr/lib/obsidian/obsidian.asar
2026-02-20 17:56:52 Checking for update using Github
2026-02-20 17:56:52 Success.
2026-02-20 17:56:52 Latest version is 1.11.7
2026-02-20 17:56:52 App is up to date.
2026-02-20 19:43:07 Loaded main app package /usr/lib/obsidian/obsidian.asar
2026-02-20 19:43:07 Checking for update using Github
2026-02-20 19:43:07 Success.
2026-02-20 19:43:07 Latest version is 1.11.7
2026-02-20 19:43:07 App is up to date.
2026-02-20 20:31:18 Loaded main app package /usr/lib/obsidian/obsidian.asar
2026-02-20 20:31:18 Checking for update using Github
2026-02-20 20:31:18 Success.
2026-02-20 20:31:18 Latest version is 1.11.7
2026-02-20 20:31:18 App is up to date.
2026-02-20 22:57:12 Loaded main app package /usr/lib/obsidian/obsidian.asar
2026-02-20 22:57:12 Checking for update using Github
2026-02-20 22:57:13 Success.
2026-02-20 22:57:13 Latest version is 1.11.7
2026-02-20 22:57:13 App is up to date.
2026-02-21 13:52:13 Loaded main app package /usr/lib/obsidian/obsidian.asar
2026-02-21 13:52:13 Checking for update using Github
2026-02-21 13:52:13 Success.
2026-02-21 13:52:13 Latest version is 1.11.7
2026-02-21 13:52:13 App is up to date.
2026-02-21 13:57:30 Loaded main app package /usr/lib/obsidian/obsidian.asar
2026-02-21 13:57:30 Checking for update using Github
2026-02-21 13:57:30 Success.
2026-02-21 13:57:30 Latest version is 1.11.7
2026-02-21 13:57:30 App is up to date.
2026-02-21 14:02:50 Loaded main app package /usr/lib/obsidian/obsidian.asar
2026-02-21 14:02:50 Checking for update using Github
2026-02-21 14:02:51 Success.
2026-02-21 14:02:51 Latest version is 1.11.7
2026-02-21 14:02:51 App is up to date.
2026-02-21 14:03:04 Loaded main app package /usr/lib/obsidian/obsidian.asar
2026-02-21 14:03:04 Checking for update using Github
2026-02-21 14:03:04 Success.
2026-02-21 14:03:04 Latest version is 1.11.7
2026-02-21 14:03:04 App is up to date.
2026-02-21 14:09:26 Loaded main app package /usr/lib/obsidian/obsidian.asar
2026-02-21 14:09:26 Checking for update using Github
2026-02-21 14:09:26 Success.
2026-02-21 14:09:26 Latest version is 1.11.7
2026-02-21 14:09:26 App is up to date.
2026-02-21 14:10:00 Loaded main app package /usr/lib/obsidian/obsidian.asar
2026-02-21 14:10:00 Checking for update using Github
2026-02-21 14:10:00 Success.
2026-02-21 14:10:00 Latest version is 1.11.7
2026-02-21 14:10:00 App is up to date.
2026-02-21 14:14:39 Loaded main app package /usr/lib/obsidian/obsidian.asar
2026-02-21 14:14:39 Checking for update using Github
2026-02-21 14:14:39 Success.
2026-02-21 14:14:39 Latest version is 1.11.7
2026-02-21 14:14:39 App is up to date.
2026-02-21 23:57:22 Loaded main app package /usr/lib/obsidian/obsidian.asar
2026-02-21 23:57:22 Checking for update using Github
2026-02-21 23:57:22 Success.
2026-02-21 23:57:22 Latest version is 1.11.7
2026-02-21 23:57:22 App is up to date.
2026-02-25 17:53:03 Loaded main app package /usr/lib/obsidian/obsidian.asar
2026-02-25 17:53:03 Checking for update using Github
2026-02-25 17:53:03 Success.
2026-02-25 17:53:03 Latest version is 1.11.7
2026-02-25 17:53:03 App is up to date.
2026-02-27 20:34:14 Loaded main app package /usr/lib/obsidian/obsidian.asar
2026-02-27 20:34:14 Checking for update using Github
2026-02-27 20:34:14 Success.
2026-02-27 20:34:14 Latest version is 1.12.4
2026-02-27 20:34:14 Downloading update from https://github.com/obsidianmd/obsidian-releases/releases/download/v1.12.4/obsidian-1.12.4.asar.gz
2026-02-27 20:34:15 Verifying hash & signature. Size= 8322418
2026-02-27 20:34:15 Saving file
2026-02-27 20:34:15 Update complete.
2026-02-28 00:17:12 Loaded updated app package /home/kylo/.config/obsidian/obsidian-1.12.4.asar
2026-02-28 00:17:12 Checking for update using Github
2026-02-28 00:17:12 Success.
2026-02-28 00:17:12 Latest version is 1.12.4
2026-02-28 00:17:12 App is up to date.
2026-02-28 00:24:53 Loaded updated app package /home/kylo/.config/obsidian/obsidian-1.12.4.asar
2026-02-28 00:24:53 Checking for update using Github
2026-02-28 00:24:53 Success.
2026-02-28 00:24:53 Latest version is 1.12.4
2026-02-28 00:24:53 App is up to date.
2026-02-28 01:24:53 Checking for update using Github
2026-02-28 01:24:53 Success.
2026-02-28 01:24:53 Latest version is 1.12.4
2026-02-28 01:24:53 App is up to date.
2026-02-28 02:24:53 Checking for update using Github
2026-02-28 02:24:53 Success.
2026-02-28 02:24:53 Latest version is 1.12.4
2026-02-28 02:24:53 App is up to date.
2026-02-28 03:24:53 Checking for update using Github
2026-02-28 03:24:53 Success.
2026-02-28 03:24:53 Latest version is 1.12.4
2026-02-28 03:24:53 App is up to date.
2026-03-03 16:13:23 Loaded updated app package /home/kylo/.config/obsidian/obsidian-1.12.4.asar
2026-03-03 16:13:23 Checking for update using Github
2026-03-03 16:13:24 Success.
2026-03-03 16:13:24 Latest version is 1.12.4
2026-03-03 16:13:24 App is up to date.
2026-03-04 15:50:13 Loaded updated app package /home/kylo/.config/obsidian/obsidian-1.12.4.asar
2026-03-04 15:50:13 Checking for update using Github
2026-03-04 15:50:13 Success.
2026-03-04 15:50:13 Latest version is 1.12.4
2026-03-04 15:50:13 App is up to date.
2026-03-04 15:50:21 Loaded updated app package /home/kylo/.config/obsidian/obsidian-1.12.4.asar
2026-03-04 15:50:29 Loaded updated app package /home/kylo/.config/obsidian/obsidian-1.12.4.asar
2026-03-04 15:50:39 Loaded updated app package /home/kylo/.config/obsidian/obsidian-1.12.4.asar
2026-03-04 15:50:42 Loaded updated app package /home/kylo/.config/obsidian/obsidian-1.12.4.asar
2026-03-04 19:49:15 Loaded main app package /usr/lib/obsidian/obsidian.asar
2026-03-04 19:49:15 Checking for update using Github
2026-03-04 19:49:15 Success.
2026-03-04 19:49:15 Latest version is 1.12.4
2026-03-04 19:49:15 App is up to date.
2026-03-05 13:19:24 Loaded main app package /usr/lib/obsidian/obsidian.asar
2026-03-05 13:19:24 Checking for update using Github
2026-03-05 13:19:24 Success.
2026-03-05 13:19:24 Latest version is 1.12.4
2026-03-05 13:19:24 App is up to date.
2026-03-05 14:37:39 Loaded main app package /usr/lib/obsidian/obsidian.asar
2026-03-05 14:37:39 Checking for update using Github
2026-03-05 14:37:39 Success.
2026-03-05 14:37:39 Latest version is 1.12.4
2026-03-05 14:37:39 App is up to date.
